[debug] [2021-03-22T13:20:09.977Z] ----------------------------------------------------------------------
[debug] [2021-03-22T13:20:09.984Z] Command:       C:\Program Files\nodejs\node.exe C:\Users\hp\AppData\Roaming\npm\node_modules\firebase-tools\lib\bin\firebase.js init
[debug] [2021-03-22T13:20:09.985Z] CLI Version:   9.6.1
[debug] [2021-03-22T13:20:09.985Z] Platform:      win32
[debug] [2021-03-22T13:20:09.985Z] Node Version:  v13.14.0
[debug] [2021-03-22T13:20:09.988Z] Time:          Mon Mar 22 2021 19:20:09 GMT+0600 (Bangladesh Standard Time)
[debug] [2021-03-22T13:20:09.988Z] ----------------------------------------------------------------------
[debug] [2021-03-22T13:20:09.989Z] 
[debug] [2021-03-22T13:20:10.038Z] > command requires scopes: ["email","openid","https://www.googleapis.com/auth/cloudplatformprojects.readonly","https://www.googleapis.com/auth/firebase","https://www.googleapis.com/auth/cloud-platform"]
[debug] [2021-03-22T13:20:10.040Z] > authorizing via signed-in user
[info] 
     ######## #### ########  ######## ########     ###     ######  ########
     ##        ##  ##     ## ##       ##     ##  ##   ##  ##       ##
     ######    ##  ########  ######   ########  #########  ######  ######
     ##        ##  ##    ##  ##       ##     ## ##     ##       ## ##
     ##       #### ##     ## ######## ########  ##     ##  ######  ########

You're about to initialize a Firebase project in this directory:

  C:\Web Development\react-auth

Before we get started, keep in mind:

  * You are currently outside your home directory
  * You are initializing in an existing Firebase project directory

[info] 
=== Project Setup
[info] 
[info] First, let's associate this project directory with a Firebase project.
[info] You can create multiple project aliases by running firebase use --add, 
[info] but for now we'll just set up a default project.
[info] 
[info] i  .firebaserc already has a default project, using riderexpertplus. 
[debug] [2021-03-22T13:21:32.063Z] >>> [apiv2][query] GET https://firebase.googleapis.com/v1beta1/projects/riderexpertplus [none]
[debug] [2021-03-22T13:21:37.178Z] <<< [apiv2][status] GET https://firebase.googleapis.com/v1beta1/projects/riderexpertplus 403
[debug] [2021-03-22T13:21:37.178Z] <<< [apiv2][body] GET https://firebase.googleapis.com/v1beta1/projects/riderexpertplus {"error":{"code":403,"message":"The caller does not have permission","status":"PERMISSION_DENIED"}}
[debug] [2021-03-22T13:21:37.180Z] HTTP Error: 403, The caller does not have permission
[debug] [2021-03-22T13:21:37.192Z] FirebaseError: HTTP Error: 403, The caller does not have permission
    at module.exports (C:\Users\hp\AppData\Roaming\npm\node_modules\firebase-tools\lib\responseToError.js:38:12)
    at Client.doRequest (C:\Users\hp\AppData\Roaming\npm\node_modules\firebase-tools\lib\apiv2.js:238:23)
    at processTicksAndRejections (internal/process/task_queues.js:97:5)
    at async Client.request (C:\Users\hp\AppData\Roaming\npm\node_modules\firebase-tools\lib\apiv2.js:96:20)
    at async Object.getFirebaseProject (C:\Users\hp\AppData\Roaming\npm\node_modules\firebase-tools\lib\management\projects.js:289:21)
    at async Object.doSetup [as project] (C:\Users\hp\AppData\Roaming\npm\node_modules\firebase-tools\lib\init\features\project.js:77:27)
    at async init (C:\Users\hp\AppData\Roaming\npm\node_modules\firebase-tools\lib\init\index.js:19:9)
[error] 
[error] Error: Failed to get Firebase project riderexpertplus. Please make sure the project exists and your account has permission to access it.
